Log file created on on 06-18-2026 04:09 pm
_______________________________________________________________________________



_______________________________________________________________________________
The Data Model for m55mavenberg is up-to-date.
_______________________________________________________________________________
Obtaining Build Information...
_______________________________________________________________________________
The Build Files For m55mavenberg are up-to-date.
_______________________________________________________________________________
_______________________________________________________________________________
Generating Source Files... 
_______________________________________________________________________________
Generating code for business objects defined in M55CustomLibrary
C:\PLM\TC2512\tc_root\bmide\workspace\2512000.0.0\m55mavenberg\output\generated
C:\PLM\TC2512\tc_root\bmide\workspace\2512000.0.0\m55mavenberg\src\server
_______________________________________________________________________________
_______________________________________________________________________________
Updating the CDT Nature...
_______________________________________________________________________________
Code generation complete.
_______________________________________________________________________________
